# JRE version: OpenJDK Runtime Environment (11.0.10) (build 11.0.10+0-b96-7249189)
# Java VM: OpenJDK 64-Bit Server VM (11.0.10+0-b96-7249189, mixed mode, tiered, compressed oops, g1 gc, windows-amd64)
Heap:
 garbage-first heap   total 196608K, used 161021K [0x0000000080000000, 0x0000000100000000)
  region size 1024K, 62 young (63488K), 4 survivors (4096K)
 Metaspace       used 94573K, capacity 97090K, committed 97280K, reserved 1134592K
  class space    used 12215K, capacity 13072K, committed 13184K, reserved 1048576K
GC Heap History (20 events):
Event: 5.638 GC heap after
{Heap after GC invocations=9 (full 0):
 garbage-first heap   total 196608K, used 47109K [0x0000000080000000, 0x0000000100000000)
  region size 1024K, 10 young (10240K), 10 survivors (10240K)
 Metaspace       used 43688K, capacity 44860K, committed 45132K, reserved 1087488K
  class space    used 5708K, capacity 6153K, committed 6272K, reserved 1048576K
}
Event: 6.688 GC heap before
{Heap before GC invocations=9 (full 0):
 garbage-first heap   total 196608K, used 135173K [0x0000000080000000, 0x0000000100000000)
  region size 1024K, 96 young (98304K), 10 survivors (10240K)
 Metaspace       used 45428K, capacity 46633K, committed 46796K, reserved 1089536K
  class space    used 5927K, capacity 6381K, committed 6400K, reserved 1048576K
}
Event: 6.698 GC heap after
{Heap after GC invocations=10 (full 0):
 garbage-first heap   total 196608K, used 50131K [0x0000000080000000, 0x0000000100000000)
  region size 1024K, 4 young (4096K), 4 survivors (4096K)
 Metaspace       used 45428K, capacity 46633K, committed 46796K, reserved 1089536K
  class space    used 5927K, capacity 6381K, committed 6400K, reserved 1048576K
}
Event: 7.969 GC heap before
{Heap before GC invocations=10 (full 0):
 garbage-first heap   total 196608K, used 143315K [0x0000000080000000, 0x0000000100000000)
  region size 1024K, 92 young (94208K), 4 survivors (4096K)
 Metaspace       used 50952K, capacity 52437K, committed 52556K, reserved 1095680K
  class space    used 6482K, capacity 7001K, committed 7040K, reserved 1048576K
}
Event: 7.977 GC heap after
{Heap after GC invocations=11 (full 0):
 garbage-first heap   total 196608K, used 58222K [0x0000000080000000, 0x0000000100000000)
  region size 1024K, 9 young (9216K), 9 survivors (9216K)
 Metaspace       used 50952K, capacity 52437K, committed 52556K, reserved 1095680K
  class space    used 6482K, capacity 7001K, committed 7040K, reserved 1048576K
}
Event: 9.021 GC heap before
{Heap before GC invocations=11 (full 0):
 garbage-first heap   total 196608K, used 147310K [0x0000000080000000, 0x0000000100000000)
  region size 1024K, 96 young (98304K), 9 survivors (9216K)
 Metaspace       used 55077K, capacity 56851K, committed 57036K, reserved 1099776K
  class space    used 7075K, capacity 7653K, committed 7680K, reserved 1048576K
}
Event: 9.029 GC heap after
{Heap after GC invocations=12 (full 0):
 garbage-first heap   total 196608K, used 62818K [0x0000000080000000, 0x0000000100000000)
  region size 1024K, 10 young (10240K), 10 survivors (10240K)
 Metaspace       used 55077K, capacity 56851K, committed 57036K, reserved 1099776K
  class space    used 7075K, capacity 7653K, committed 7680K, reserved 1048576K
}
Event: 9.678 GC heap before
{Heap before GC invocations=12 (full 0):
 garbage-first heap   total 196608K, used 116066K [0x0000000080000000, 0x0000000100000000)
  region size 1024K, 55 young (56320K), 10 survivors (10240K)
 Metaspace       used 58310K, capacity 60112K, committed 60288K, reserved 1101824K
  class space    used 7497K, capacity 8116K, committed 8192K, reserved 1048576K
}
Event: 9.691 GC heap after
{Heap after GC invocations=13 (full 0):
 garbage-first heap   total 196608K, used 79016K [0x0000000080000000, 0x0000000100000000)
  region size 1024K, 13 young (13312K), 13 survivors (13312K)
 Metaspace       used 58310K, capacity 60112K, committed 60288K, reserved 1101824K
  class space    used 7497K, capacity 8116K, committed 8192K, reserved 1048576K
}
Event: 10.472 GC heap before
{Heap before GC invocations=14 (full 0):
 garbage-first heap   total 196608K, used 143528K [0x0000000080000000, 0x0000000100000000)
  region size 1024K, 77 young (78848K), 13 survivors (13312K)
 Metaspace       used 67171K, capacity 69219K, committed 69376K, reserved 1110016K
  class space    used 8591K, capacity 9315K, committed 9344K, reserved 1048576K
}
Event: 10.484 GC heap after
{Heap after GC invocations=15 (full 0):
 garbage-first heap   total 196608K, used 84179K [0x0000000080000000, 0x0000000100000000)
  region size 1024K, 6 young (6144K), 6 survivors (6144K)
 Metaspace       used 67171K, capacity 69219K, committed 69376K, reserved 1110016K
  class space    used 8591K, capacity 9315K, committed 9344K, reserved 1048576K
}
Event: 11.150 GC heap before
{Heap before GC invocations=15 (full 0):
 garbage-first heap   total 196608K, used 148691K [0x0000000080000000, 0x0000000100000000)
  region size 1024K, 69 young (70656K), 6 survivors (6144K)
 Metaspace       used 73025K, capacity 75126K, committed 75264K, reserved 1114112K
  class space    used 9331K, capacity 10033K, committed 10112K, reserved 1048576K
}
Event: 11.159 GC heap after
{Heap after GC invocations=16 (full 0):
 garbage-first heap   total 196608K, used 87124K [0x0000000080000000, 0x0000000100000000)
  region size 1024K, 9 young (9216K), 9 survivors (9216K)
 Metaspace       used 73025K, capacity 75126K, committed 75264K, reserved 1114112K
  class space    used 9331K, capacity 10033K, committed 10112K, reserved 1048576K
}
Event: 11.854 GC heap before
{Heap before GC invocations=16 (full 0):
 garbage-first heap   total 196608K, used 152660K [0x0000000080000000, 0x0000000100000000)
  region size 1024K, 73 young (74752K), 9 survivors (9216K)
 Metaspace       used 78255K, capacity 80423K, committed 80768K, reserved 1120256K
  class space    used 10143K, capacity 10899K, committed 11008K, reserved 1048576K
}
Event: 11.864 GC heap after
{Heap after GC invocations=17 (full 0):
 garbage-first heap   total 196608K, used 92500K [0x0000000080000000, 0x0000000100000000)
  region size 1024K, 10 young (10240K), 10 survivors (10240K)
 Metaspace       used 78255K, capacity 80423K, committed 80768K, reserved 1120256K
  class space    used 10143K, capacity 10899K, committed 11008K, reserved 1048576K
}
Event: 12.562 GC heap before
{Heap before GC invocations=17 (full 0):
 garbage-first heap   total 196608K, used 154964K [0x0000000080000000, 0x0000000100000000)
  region size 1024K, 71 young (72704K), 10 survivors (10240K)
 Metaspace       used 82705K, capacity 85034K, committed 85248K, reserved 1122304K
  class space    used 10744K, capacity 11553K, committed 11648K, reserved 1048576K
}
Event: 12.572 GC heap after
{Heap after GC invocations=18 (full 0):
 garbage-first heap   total 196608K, used 95990K [0x0000000080000000, 0x0000000100000000)
  region size 1024K, 4 young (4096K), 4 survivors (4096K)
 Metaspace       used 82705K, capacity 85034K, committed 85248K, reserved 1122304K
  class space    used 10744K, capacity 11553K, committed 11648K, reserved 1048576K
}
Event: 13.160 GC heap before
{Heap before GC invocations=18 (full 0):
 garbage-first heap   total 196608K, used 158454K [0x0000000080000000, 0x0000000100000000)
  region size 1024K, 65 young (66560K), 4 survivors (4096K)
 Metaspace       used 87006K, capacity 89565K, committed 89600K, reserved 1126400K
  class space    used 11321K, capacity 12160K, committed 12160K, reserved 1048576K
}
Event: 13.167 GC heap after
{Heap after GC invocations=19 (full 0):
 garbage-first heap   total 196608K, used 100605K [0x0000000080000000, 0x0000000100000000)
  region size 1024K, 9 young (9216K), 9 survivors (9216K)
 Metaspace       used 87006K, capacity 89565K, committed 89600K, reserved 1126400K
  class space    used 11321K, capacity 12160K, committed 12160K, reserved 1048576K
}
Event: 14.002 GC heap before
{Heap before GC invocations=20 (full 0):
 garbage-first heap   total 196608K, used 159997K [0x0000000080000000, 0x0000000100000000)
  region size 1024K, 67 young (68608K), 9 survivors (9216K)
 Metaspace       used 94573K, capacity 97090K, committed 97280K, reserved 1134592K
  class space    used 12215K, capacity 13072K, committed 13184K, reserved 1048576K
}

